2024-02-25 22:33:13.986  INFO 10648 --- [restartedMain] com.app.Application                      : Starting Application using Java 11.0.15.1 on DESKTOP-8B46PPF with PID 10648 (D:\CDAC\Iacsd Dac 23\CDAC-Project\BookMyFlick\src\bookmyflick\target\classes started by Iconic in D:\CDAC\Iacsd Dac 23\CDAC-Project\BookMyFlick\src\bookmyflick)
2024-02-25 22:33:13.991  INFO 10648 --- [restartedMain] com.app.Application                      : No active profile set, falling back to 1 default profile: "default"
2024-02-25 22:33:14.038  INFO 10648 --- [restartedMain] .e.DevToolsPropertyDefaultsPostProcessor : Devtools property defaults active! Set 'spring.devtools.add-properties' to 'false' to disable
2024-02-25 22:33:14.038  INFO 10648 --- [restartedMain] .e.DevToolsPropertyDefaultsPostProcessor : For additional web related logging consider setting the 'logging.level.web' property to 'DEBUG'
2024-02-25 22:33:14.744  INFO 10648 --- [restartedMain] .s.d.r.c.RepositoryConfigurationDelegate : Bootstrapping Spring Data JPA repositories in DEFAULT mode.
2024-02-25 22:33:14.803  INFO 10648 --- [restartedMain] .s.d.r.c.RepositoryConfigurationDelegate : Finished Spring Data repository scanning in 51 ms. Found 6 JPA repository interfaces.
2024-02-25 22:33:15.420  INFO 10648 --- [restartedMain] o.s.b.w.embedded.tomcat.TomcatWebServer  : Tomcat initialized with port(s): 8080 (http)
2024-02-25 22:33:15.421  INFO 10648 --- [restartedMain] o.a.catalina.core.AprLifecycleListener   : Loaded Apache Tomcat Native library [1.2.35] using APR version [1.7.0].
2024-02-25 22:33:15.421  INFO 10648 --- [restartedMain] o.a.catalina.core.AprLifecycleListener   : APR capabilities: IPv6 [true], sendfile [true], accept filters [false], random [true], UDS [true].
2024-02-25 22:33:15.421  INFO 10648 --- [restartedMain] o.a.catalina.core.AprLifecycleListener   : APR/OpenSSL configuration: useAprConnector [false], useOpenSSL [true]
2024-02-25 22:33:15.424  INFO 10648 --- [restartedMain] o.a.catalina.core.AprLifecycleListener   : OpenSSL successfully initialized [OpenSSL 1.1.1q  5 Jul 2022]
2024-02-25 22:33:15.433  INFO 10648 --- [restartedMain] o.apache.catalina.core.StandardService   : Starting service [Tomcat]
2024-02-25 22:33:15.433  INFO 10648 --- [restartedMain] org.apache.catalina.core.StandardEngine  : Starting Servlet engine: [Apache Tomcat/9.0.76]
2024-02-25 22:33:15.543  INFO 10648 --- [restartedMain] o.a.c.c.C.[Tomcat].[localhost].[/]       : Initializing Spring embedded WebApplicationContext
2024-02-25 22:33:15.548  INFO 10648 --- [restartedMain] w.s.c.ServletWebServerApplicationContext : Root WebApplicationContext: initialization completed in 1477 ms
2024-02-25 22:33:15.699  INFO 10648 --- [restartedMain] o.hibernate.jpa.internal.util.LogHelper  : HHH000204: Processing PersistenceUnitInfo [name: default]
2024-02-25 22:33:15.756  INFO 10648 --- [restartedMain] org.hibernate.Version                    : HHH000412: Hibernate ORM core version 5.6.15.Final
2024-02-25 22:33:15.945  INFO 10648 --- [restartedMain] o.hibernate.annotations.common.Version   : HCANN000001: Hibernate Commons Annotations {5.1.2.Final}
2024-02-25 22:33:16.061  INFO 10648 --- [restartedMain] com.zaxxer.hikari.HikariDataSource       : HikariPool-1 - Starting...
2024-02-25 22:33:16.264  INFO 10648 --- [restartedMain] com.zaxxer.hikari.HikariDataSource       : HikariPool-1 - Start completed.
2024-02-25 22:33:16.282  INFO 10648 --- [restartedMain] org.hibernate.dialect.Dialect            : HHH000400: Using dialect: org.hibernate.dialect.MySQL8Dialect
2024-02-25 22:33:17.401  INFO 10648 --- [restartedMain] o.h.e.t.j.p.i.JtaPlatformInitiator       : HHH000490: Using JtaPlatform implementation: [org.hibernate.engine.transaction.jta.platform.internal.NoJtaPlatform]
2024-02-25 22:33:17.421  INFO 10648 --- [restartedMain] j.LocalContainerEntityManagerFactoryBean : Initialized JPA EntityManagerFactory for persistence unit 'default'
2024-02-25 22:33:18.646  INFO 10648 --- [restartedMain] o.s.b.d.a.OptionalLiveReloadServer       : LiveReload server is running on port 35729
2024-02-25 22:33:18.683  WARN 10648 --- [restartedMain] ConfigServletWebServerApplicationContext : Exception encountered during context initialization - cancelling refresh attempt: org.springframework.context.ApplicationContextException: Failed to start bean 'webServerStartStop'; nested exception is org.springframework.boot.web.server.PortInUseException: Port 8080 is already in use
2024-02-25 22:33:18.688  INFO 10648 --- [restartedMain] j.LocalContainerEntityManagerFactoryBean : Closing JPA EntityManagerFactory for persistence unit 'default'
2024-02-25 22:33:18.692  INFO 10648 --- [restartedMain] com.zaxxer.hikari.HikariDataSource       : HikariPool-1 - Shutdown initiated...
2024-02-25 22:33:18.704  INFO 10648 --- [restartedMain] com.zaxxer.hikari.HikariDataSource       : HikariPool-1 - Shutdown completed.
2024-02-25 22:33:18.706  INFO 10648 --- [restartedMain] o.apache.catalina.core.StandardService   : Stopping service [Tomcat]
2024-02-25 22:33:18.717  INFO 10648 --- [restartedMain] ConditionEvaluationReportLoggingListener : 

Error starting ApplicationContext. To display the conditions report re-run your application with 'debug' enabled.
2024-02-25 22:33:18.735 ERROR 10648 --- [restartedMain] o.s.b.d.LoggingFailureAnalysisReporter   : 

***************************
APPLICATION FAILED TO START
***************************

Description:

Web server failed to start. Port 8080 was already in use.

Action:

Identify and stop the process that's listening on port 8080 or configure this application to listen on another port.

2024-02-25 22:35:06.613  INFO 11484 --- [restartedMain] com.app.Application                      : Starting Application using Java 11.0.15.1 on DESKTOP-8B46PPF with PID 11484 (D:\CDAC\Iacsd Dac 23\CDAC-Project\BookMyFlick\src\bookmyflick\target\classes started by Iconic in D:\CDAC\Iacsd Dac 23\CDAC-Project\BookMyFlick\src\bookmyflick)
2024-02-25 22:35:06.614  INFO 11484 --- [restartedMain] com.app.Application                      : No active profile set, falling back to 1 default profile: "default"
2024-02-25 22:35:06.658  INFO 11484 --- [restartedMain] .e.DevToolsPropertyDefaultsPostProcessor : Devtools property defaults active! Set 'spring.devtools.add-properties' to 'false' to disable
2024-02-25 22:35:06.658  INFO 11484 --- [restartedMain] .e.DevToolsPropertyDefaultsPostProcessor : For additional web related logging consider setting the 'logging.level.web' property to 'DEBUG'
2024-02-25 22:35:07.260  INFO 11484 --- [restartedMain] .s.d.r.c.RepositoryConfigurationDelegate : Bootstrapping Spring Data JPA repositories in DEFAULT mode.
2024-02-25 22:35:07.315  INFO 11484 --- [restartedMain] .s.d.r.c.RepositoryConfigurationDelegate : Finished Spring Data repository scanning in 47 ms. Found 6 JPA repository interfaces.
2024-02-25 22:35:07.783  INFO 11484 --- [restartedMain] o.s.b.w.embedded.tomcat.TomcatWebServer  : Tomcat initialized with port(s): 8080 (http)
2024-02-25 22:35:07.784  INFO 11484 --- [restartedMain] o.a.catalina.core.AprLifecycleListener   : Loaded Apache Tomcat Native library [1.2.35] using APR version [1.7.0].
2024-02-25 22:35:07.784  INFO 11484 --- [restartedMain] o.a.catalina.core.AprLifecycleListener   : APR capabilities: IPv6 [true], sendfile [true], accept filters [false], random [true], UDS [true].
2024-02-25 22:35:07.784  INFO 11484 --- [restartedMain] o.a.catalina.core.AprLifecycleListener   : APR/OpenSSL configuration: useAprConnector [false], useOpenSSL [true]
2024-02-25 22:35:07.787  INFO 11484 --- [restartedMain] o.a.catalina.core.AprLifecycleListener   : OpenSSL successfully initialized [OpenSSL 1.1.1q  5 Jul 2022]
2024-02-25 22:35:07.794  INFO 11484 --- [restartedMain] o.apache.catalina.core.StandardService   : Starting service [Tomcat]
2024-02-25 22:35:07.794  INFO 11484 --- [restartedMain] org.apache.catalina.core.StandardEngine  : Starting Servlet engine: [Apache Tomcat/9.0.76]
2024-02-25 22:35:07.906  INFO 11484 --- [restartedMain] o.a.c.c.C.[Tomcat].[localhost].[/]       : Initializing Spring embedded WebApplicationContext
2024-02-25 22:35:07.906  INFO 11484 --- [restartedMain] w.s.c.ServletWebServerApplicationContext : Root WebApplicationContext: initialization completed in 1247 ms
2024-02-25 22:35:08.023  INFO 11484 --- [restartedMain] o.hibernate.jpa.internal.util.LogHelper  : HHH000204: Processing PersistenceUnitInfo [name: default]
2024-02-25 22:35:08.065  INFO 11484 --- [restartedMain] org.hibernate.Version                    : HHH000412: Hibernate ORM core version 5.6.15.Final
2024-02-25 22:35:08.211  INFO 11484 --- [restartedMain] o.hibernate.annotations.common.Version   : HCANN000001: Hibernate Commons Annotations {5.1.2.Final}
2024-02-25 22:35:08.300  INFO 11484 --- [restartedMain] com.zaxxer.hikari.HikariDataSource       : HikariPool-1 - Starting...
2024-02-25 22:35:08.477  INFO 11484 --- [restartedMain] com.zaxxer.hikari.HikariDataSource       : HikariPool-1 - Start completed.
2024-02-25 22:35:08.494  INFO 11484 --- [restartedMain] org.hibernate.dialect.Dialect            : HHH000400: Using dialect: org.hibernate.dialect.MySQL8Dialect
2024-02-25 22:35:09.334  INFO 11484 --- [restartedMain] o.h.e.t.j.p.i.JtaPlatformInitiator       : HHH000490: Using JtaPlatform implementation: [org.hibernate.engine.transaction.jta.platform.internal.NoJtaPlatform]
2024-02-25 22:35:09.363  INFO 11484 --- [restartedMain] j.LocalContainerEntityManagerFactoryBean : Initialized JPA EntityManagerFactory for persistence unit 'default'
2024-02-25 22:35:10.460  INFO 11484 --- [restartedMain] o.s.b.d.a.OptionalLiveReloadServer       : LiveReload server is running on port 35729
2024-02-25 22:35:10.511  INFO 11484 --- [restartedMain] o.s.b.w.embedded.tomcat.TomcatWebServer  : Tomcat started on port(s): 8080 (http) with context path ''
2024-02-25 22:35:10.524  INFO 11484 --- [restartedMain] com.app.Application                      : Started Application in 4.261 seconds (JVM running for 5.159)
2024-02-25 22:35:28.227  INFO 11484 --- [http-nio-8080-exec-1] o.a.c.c.C.[Tomcat].[localhost].[/]       : Initializing Spring DispatcherServlet 'dispatcherServlet'
2024-02-25 22:35:28.228  INFO 11484 --- [http-nio-8080-exec-1] o.s.web.servlet.DispatcherServlet        : Initializing Servlet 'dispatcherServlet'
2024-02-25 22:35:28.230  INFO 11484 --- [http-nio-8080-exec-1] o.s.web.servlet.DispatcherServlet        : Completed initialization in 2 ms
2024-02-25 22:35:29.106  INFO 11484 --- [http-nio-8080-exec-8] o.springdoc.api.AbstractOpenApiResource  : Init duration for springdoc-openapi is: 474 ms
2024-02-25 22:36:02.435  INFO 11484 --- [File Watcher] rtingClassPathChangeChangedEventListener : Restarting due to 38 class path changes (0 additions, 3 deletions, 35 modifications)
2024-02-25 22:36:02.768  INFO 11484 --- [Thread-5] o.apache.catalina.core.StandardService   : Stopping service [Tomcat]
2024-02-25 22:36:02.770  INFO 11484 --- [Thread-5] o.a.c.c.C.[Tomcat].[localhost].[/]       : Destroying Spring FrameworkServlet 'dispatcherServlet'
2024-02-25 22:36:02.783  INFO 11484 --- [Thread-5] j.LocalContainerEntityManagerFactoryBean : Closing JPA EntityManagerFactory for persistence unit 'default'
2024-02-25 22:36:02.786  INFO 11484 --- [Thread-5] com.zaxxer.hikari.HikariDataSource       : HikariPool-1 - Shutdown initiated...
2024-02-25 22:36:02.798  INFO 11484 --- [Thread-5] com.zaxxer.hikari.HikariDataSource       : HikariPool-1 - Shutdown completed.
2024-02-25 22:36:06.671  INFO 11484 --- [restartedMain] com.app.Application                      : Starting Application using Java 11.0.15.1 on DESKTOP-8B46PPF with PID 11484 (D:\CDAC\Iacsd Dac 23\CDAC-Project\BookMyFlick\src\bookmyflick\target\classes started by Iconic in D:\CDAC\Iacsd Dac 23\CDAC-Project\BookMyFlick\src\bookmyflick)
2024-02-25 22:36:06.672  INFO 11484 --- [restartedMain] com.app.Application                      : No active profile set, falling back to 1 default profile: "default"
2024-02-25 22:36:06.836  INFO 11484 --- [restartedMain] .s.d.r.c.RepositoryConfigurationDelegate : Bootstrapping Spring Data JPA repositories in DEFAULT mode.
2024-02-25 22:36:07.068  INFO 11484 --- [restartedMain] .s.d.r.c.RepositoryConfigurationDelegate : Finished Spring Data repository scanning in 43 ms. Found 6 JPA repository interfaces.
2024-02-25 22:36:07.152  INFO 11484 --- [restartedMain] o.s.b.w.embedded.tomcat.TomcatWebServer  : Tomcat initialized with port(s): 8080 (http)
2024-02-25 22:36:07.152  INFO 11484 --- [restartedMain] o.a.catalina.core.AprLifecycleListener   : Loaded Apache Tomcat Native library [1.2.35] using APR version [1.7.0].
2024-02-25 22:36:07.152  INFO 11484 --- [restartedMain] o.a.catalina.core.AprLifecycleListener   : APR capabilities: IPv6 [true], sendfile [true], accept filters [false], random [true], UDS [true].
2024-02-25 22:36:07.153  INFO 11484 --- [restartedMain] o.a.catalina.core.AprLifecycleListener   : APR/OpenSSL configuration: useAprConnector [false], useOpenSSL [true]
2024-02-25 22:36:07.153  INFO 11484 --- [restartedMain] o.a.catalina.core.AprLifecycleListener   : OpenSSL successfully initialized [OpenSSL 1.1.1q  5 Jul 2022]
2024-02-25 22:36:07.153  INFO 11484 --- [restartedMain] o.apache.catalina.core.StandardService   : Starting service [Tomcat]
2024-02-25 22:36:07.153  INFO 11484 --- [restartedMain] org.apache.catalina.core.StandardEngine  : Starting Servlet engine: [Apache Tomcat/9.0.76]
2024-02-25 22:36:07.169  INFO 11484 --- [restartedMain] o.a.c.c.C.[Tomcat-1].[localhost].[/]     : Initializing Spring embedded WebApplicationContext
2024-02-25 22:36:07.170  INFO 11484 --- [restartedMain] w.s.c.ServletWebServerApplicationContext : Root WebApplicationContext: initialization completed in 496 ms
2024-02-25 22:36:07.197  INFO 11484 --- [restartedMain] o.hibernate.jpa.internal.util.LogHelper  : HHH000204: Processing PersistenceUnitInfo [name: default]
2024-02-25 22:36:07.201  INFO 11484 --- [restartedMain] com.zaxxer.hikari.HikariDataSource       : HikariPool-2 - Starting...
2024-02-25 22:36:07.206  INFO 11484 --- [restartedMain] com.zaxxer.hikari.HikariDataSource       : HikariPool-2 - Start completed.
2024-02-25 22:36:07.206  INFO 11484 --- [restartedMain] org.hibernate.dialect.Dialect            : HHH000400: Using dialect: org.hibernate.dialect.MySQL8Dialect
2024-02-25 22:36:07.327  INFO 11484 --- [restartedMain] o.h.e.t.j.p.i.JtaPlatformInitiator       : HHH000490: Using JtaPlatform implementation: [org.hibernate.engine.transaction.jta.platform.internal.NoJtaPlatform]
2024-02-25 22:36:07.327  INFO 11484 --- [restartedMain] j.LocalContainerEntityManagerFactoryBean : Initialized JPA EntityManagerFactory for persistence unit 'default'
2024-02-25 22:36:07.709  INFO 11484 --- [restartedMain] o.s.b.d.a.OptionalLiveReloadServer       : LiveReload server is running on port 35729
2024-02-25 22:36:07.719  INFO 11484 --- [restartedMain] o.s.b.w.embedded.tomcat.TomcatWebServer  : Tomcat started on port(s): 8080 (http) with context path ''
2024-02-25 22:36:07.723  INFO 11484 --- [restartedMain] com.app.Application                      : Started Application in 1.093 seconds (JVM running for 62.358)
2024-02-25 22:36:07.725  INFO 11484 --- [restartedMain] .ConditionEvaluationDeltaLoggingListener : Condition evaluation unchanged
2024-02-25 22:36:39.149  INFO 11484 --- [File Watcher] rtingClassPathChangeChangedEventListener : Restarting due to 38 class path changes (0 additions, 0 deletions, 38 modifications)
2024-02-25 22:36:39.415  INFO 11484 --- [Thread-7] o.apache.catalina.core.StandardService   : Stopping service [Tomcat]
2024-02-25 22:36:39.425  INFO 11484 --- [Thread-7] j.LocalContainerEntityManagerFactoryBean : Closing JPA EntityManagerFactory for persistence unit 'default'
2024-02-25 22:36:39.425  INFO 11484 --- [Thread-7] com.zaxxer.hikari.HikariDataSource       : HikariPool-2 - Shutdown initiated...
2024-02-25 22:36:39.429  INFO 11484 --- [Thread-7] com.zaxxer.hikari.HikariDataSource       : HikariPool-2 - Shutdown completed.
2024-02-25 22:36:39.507  INFO 11484 --- [restartedMain] com.app.Application                      : Starting Application using Java 11.0.15.1 on DESKTOP-8B46PPF with PID 11484 (D:\CDAC\Iacsd Dac 23\CDAC-Project\BookMyFlick\src\bookmyflick\target\classes started by Iconic in D:\CDAC\Iacsd Dac 23\CDAC-Project\BookMyFlick\src\bookmyflick)
2024-02-25 22:36:39.507  INFO 11484 --- [restartedMain] com.app.Application                      : No active profile set, falling back to 1 default profile: "default"
2024-02-25 22:36:39.647  INFO 11484 --- [restartedMain] .s.d.r.c.RepositoryConfigurationDelegate : Bootstrapping Spring Data JPA repositories in DEFAULT mode.
2024-02-25 22:36:39.663  INFO 11484 --- [restartedMain] .s.d.r.c.RepositoryConfigurationDelegate : Finished Spring Data repository scanning in 15 ms. Found 6 JPA repository interfaces.
2024-02-25 22:36:39.719  INFO 11484 --- [restartedMain] o.s.b.w.embedded.tomcat.TomcatWebServer  : Tomcat initialized with port(s): 8080 (http)
2024-02-25 22:36:39.719  INFO 11484 --- [restartedMain] o.a.catalina.core.AprLifecycleListener   : Loaded Apache Tomcat Native library [1.2.35] using APR version [1.7.0].
2024-02-25 22:36:39.719  INFO 11484 --- [restartedMain] o.a.catalina.core.AprLifecycleListener   : APR capabilities: IPv6 [true], sendfile [true], accept filters [false], random [true], UDS [true].
2024-02-25 22:36:39.719  INFO 11484 --- [restartedMain] o.a.catalina.core.AprLifecycleListener   : APR/OpenSSL configuration: useAprConnector [false], useOpenSSL [true]
2024-02-25 22:36:39.720  INFO 11484 --- [restartedMain] o.a.catalina.core.AprLifecycleListener   : OpenSSL successfully initialized [OpenSSL 1.1.1q  5 Jul 2022]
2024-02-25 22:36:39.720  INFO 11484 --- [restartedMain] o.apache.catalina.core.StandardService   : Starting service [Tomcat]
2024-02-25 22:36:39.720  INFO 11484 --- [restartedMain] org.apache.catalina.core.StandardEngine  : Starting Servlet engine: [Apache Tomcat/9.0.76]
2024-02-25 22:36:39.746  INFO 11484 --- [restartedMain] o.a.c.c.C.[Tomcat-1].[localhost].[/]     : Initializing Spring embedded WebApplicationContext
2024-02-25 22:36:39.746  INFO 11484 --- [restartedMain] w.s.c.ServletWebServerApplicationContext : Root WebApplicationContext: initialization completed in 238 ms
2024-02-25 22:36:39.771  INFO 11484 --- [restartedMain] o.hibernate.jpa.internal.util.LogHelper  : HHH000204: Processing PersistenceUnitInfo [name: default]
2024-02-25 22:36:39.775  INFO 11484 --- [restartedMain] com.zaxxer.hikari.HikariDataSource       : HikariPool-3 - Starting...
2024-02-25 22:36:39.779  INFO 11484 --- [restartedMain] com.zaxxer.hikari.HikariDataSource       : HikariPool-3 - Start completed.
2024-02-25 22:36:39.779  INFO 11484 --- [restartedMain] org.hibernate.dialect.Dialect            : HHH000400: Using dialect: org.hibernate.dialect.MySQL8Dialect
2024-02-25 22:36:39.874  INFO 11484 --- [restartedMain] o.h.e.t.j.p.i.JtaPlatformInitiator       : HHH000490: Using JtaPlatform implementation: [org.hibernate.engine.transaction.jta.platform.internal.NoJtaPlatform]
2024-02-25 22:36:39.874  INFO 11484 --- [restartedMain] j.LocalContainerEntityManagerFactoryBean : Initialized JPA EntityManagerFactory for persistence unit 'default'
2024-02-25 22:36:40.309  INFO 11484 --- [restartedMain] o.s.b.d.a.OptionalLiveReloadServer       : LiveReload server is running on port 35729
2024-02-25 22:36:40.326  INFO 11484 --- [restartedMain] o.s.b.w.embedded.tomcat.TomcatWebServer  : Tomcat started on port(s): 8080 (http) with context path ''
2024-02-25 22:36:40.331  INFO 11484 --- [restartedMain] com.app.Application                      : Started Application in 0.851 seconds (JVM running for 94.966)
2024-02-25 22:36:40.332  INFO 11484 --- [restartedMain] .ConditionEvaluationDeltaLoggingListener : Condition evaluation unchanged
2024-02-25 22:36:40.598  INFO 11484 --- [RMI TCP Connection(2)-127.0.0.1] inMXBeanRegistrar$SpringApplicationAdmin : Application shutdown requested.
2024-02-25 22:36:40.852  INFO 11484 --- [RMI TCP Connection(2)-127.0.0.1] o.apache.catalina.core.StandardService   : Stopping service [Tomcat]
2024-02-25 22:36:40.860  INFO 11484 --- [RMI TCP Connection(2)-127.0.0.1] j.LocalContainerEntityManagerFactoryBean : Closing JPA EntityManagerFactory for persistence unit 'default'
2024-02-25 22:36:40.861  INFO 11484 --- [RMI TCP Connection(2)-127.0.0.1] com.zaxxer.hikari.HikariDataSource       : HikariPool-3 - Shutdown initiated...
2024-02-25 22:36:40.864  INFO 11484 --- [RMI TCP Connection(2)-127.0.0.1] com.zaxxer.hikari.HikariDataSource       : HikariPool-3 - Shutdown completed.
2024-02-25 22:38:37.255  INFO 3848 --- [restartedMain] com.app.Application                      : Starting Application using Java 11.0.15.1 on DESKTOP-8B46PPF with PID 3848 (D:\CDAC\Iacsd Dac 23\CDAC-Project\BookMyFlick\src\bookmyflick\target\classes started by Iconic in D:\CDAC\Iacsd Dac 23\CDAC-Project\BookMyFlick\src\bookmyflick)
2024-02-25 22:38:37.256  INFO 3848 --- [restartedMain] com.app.Application                      : No active profile set, falling back to 1 default profile: "default"
2024-02-25 22:38:37.294  INFO 3848 --- [restartedMain] .e.DevToolsPropertyDefaultsPostProcessor : Devtools property defaults active! Set 'spring.devtools.add-properties' to 'false' to disable
2024-02-25 22:38:37.295  INFO 3848 --- [restartedMain] .e.DevToolsPropertyDefaultsPostProcessor : For additional web related logging consider setting the 'logging.level.web' property to 'DEBUG'
2024-02-25 22:38:37.889  INFO 3848 --- [restartedMain] .s.d.r.c.RepositoryConfigurationDelegate : Bootstrapping Spring Data JPA repositories in DEFAULT mode.
2024-02-25 22:38:37.944  INFO 3848 --- [restartedMain] .s.d.r.c.RepositoryConfigurationDelegate : Finished Spring Data repository scanning in 47 ms. Found 6 JPA repository interfaces.
2024-02-25 22:38:38.402  INFO 3848 --- [restartedMain] o.s.b.w.embedded.tomcat.TomcatWebServer  : Tomcat initialized with port(s): 8080 (http)
2024-02-25 22:38:38.403  INFO 3848 --- [restartedMain] o.a.catalina.core.AprLifecycleListener   : An older version [1.2.35] of the Apache Tomcat Native library is installed, while Tomcat recommends a minimum version of [1.2.38]
2024-02-25 22:38:38.404  INFO 3848 --- [restartedMain] o.a.catalina.core.AprLifecycleListener   : Loaded Apache Tomcat Native library [1.2.35] using APR version [1.7.0].
2024-02-25 22:38:38.404  INFO 3848 --- [restartedMain] o.a.catalina.core.AprLifecycleListener   : APR capabilities: IPv6 [true], sendfile [true], accept filters [false], random [true], UDS [true].
2024-02-25 22:38:38.404  INFO 3848 --- [restartedMain] o.a.catalina.core.AprLifecycleListener   : APR/OpenSSL configuration: useAprConnector [false], useOpenSSL [true]
2024-02-25 22:38:38.406  INFO 3848 --- [restartedMain] o.a.catalina.core.AprLifecycleListener   : OpenSSL successfully initialized [OpenSSL 1.1.1q  5 Jul 2022]
2024-02-25 22:38:38.414  INFO 3848 --- [restartedMain] o.apache.catalina.core.StandardService   : Starting service [Tomcat]
2024-02-25 22:38:38.414  INFO 3848 --- [restartedMain] org.apache.catalina.core.StandardEngine  : Starting Servlet engine: [Apache Tomcat/9.0.83]
2024-02-25 22:38:38.529  INFO 3848 --- [restartedMain] o.a.c.c.C.[Tomcat].[localhost].[/]       : Initializing Spring embedded WebApplicationContext
2024-02-25 22:38:38.530  INFO 3848 --- [restartedMain] w.s.c.ServletWebServerApplicationContext : Root WebApplicationContext: initialization completed in 1234 ms
2024-02-25 22:38:38.649  INFO 3848 --- [restartedMain] o.hibernate.jpa.internal.util.LogHelper  : HHH000204: Processing PersistenceUnitInfo [name: default]
2024-02-25 22:38:38.690  INFO 3848 --- [restartedMain] org.hibernate.Version                    : HHH000412: Hibernate ORM core version 5.6.15.Final
2024-02-25 22:38:38.835  INFO 3848 --- [restartedMain] o.hibernate.annotations.common.Version   : HCANN000001: Hibernate Commons Annotations {5.1.2.Final}
2024-02-25 22:38:38.922  INFO 3848 --- [restartedMain] com.zaxxer.hikari.HikariDataSource       : HikariPool-1 - Starting...
2024-02-25 22:38:39.083  INFO 3848 --- [restartedMain] com.zaxxer.hikari.HikariDataSource       : HikariPool-1 - Start completed.
2024-02-25 22:38:39.099  INFO 3848 --- [restartedMain] org.hibernate.dialect.Dialect            : HHH000400: Using dialect: org.hibernate.dialect.MySQL8Dialect
2024-02-25 22:38:39.827  INFO 3848 --- [restartedMain] o.h.e.t.j.p.i.JtaPlatformInitiator       : HHH000490: Using JtaPlatform implementation: [org.hibernate.engine.transaction.jta.platform.internal.NoJtaPlatform]
2024-02-25 22:38:39.836  INFO 3848 --- [restartedMain] j.LocalContainerEntityManagerFactoryBean : Initialized JPA EntityManagerFactory for persistence unit 'default'
2024-02-25 22:38:40.964  INFO 3848 --- [restartedMain] o.s.b.d.a.OptionalLiveReloadServer       : LiveReload server is running on port 35729
2024-02-25 22:38:41.009  INFO 3848 --- [restartedMain] o.s.b.w.embedded.tomcat.TomcatWebServer  : Tomcat started on port(s): 8080 (http) with context path ''
2024-02-25 22:38:41.020  INFO 3848 --- [restartedMain] com.app.Application                      : Started Application in 4.116 seconds (JVM running for 5.072)
2024-02-25 22:38:50.461  INFO 3848 --- [http-nio-8080-exec-1] o.a.c.c.C.[Tomcat].[localhost].[/]       : Initializing Spring DispatcherServlet 'dispatcherServlet'
2024-02-25 22:38:50.461  INFO 3848 --- [http-nio-8080-exec-1] o.s.web.servlet.DispatcherServlet        : Initializing Servlet 'dispatcherServlet'
2024-02-25 22:38:50.462  INFO 3848 --- [http-nio-8080-exec-1] o.s.web.servlet.DispatcherServlet        : Completed initialization in 1 ms
2024-02-25 22:38:51.165  INFO 3848 --- [http-nio-8080-exec-7] o.springdoc.api.AbstractOpenApiResource  : Init duration for springdoc-openapi is: 458 ms
2024-02-25 22:40:19.650  INFO 3848 --- [File Watcher] rtingClassPathChangeChangedEventListener : Restarting due to 1 class path change (0 additions, 0 deletions, 1 modification)
2024-02-25 22:40:19.927  INFO 3848 --- [Thread-5] o.apache.catalina.core.StandardService   : Stopping service [Tomcat]
2024-02-25 22:40:19.930  INFO 3848 --- [Thread-5] o.a.c.c.C.[Tomcat].[localhost].[/]       : Destroying Spring FrameworkServlet 'dispatcherServlet'
2024-02-25 22:40:19.943  INFO 3848 --- [Thread-5] j.LocalContainerEntityManagerFactoryBean : Closing JPA EntityManagerFactory for persistence unit 'default'
2024-02-25 22:40:19.957  INFO 3848 --- [Thread-5] com.zaxxer.hikari.HikariDataSource       : HikariPool-1 - Shutdown initiated...
2024-02-25 22:40:19.969  INFO 3848 --- [Thread-5] com.zaxxer.hikari.HikariDataSource       : HikariPool-1 - Shutdown completed.
2024-02-25 22:40:20.059  INFO 3848 --- [restartedMain] com.app.Application                      : Starting Application using Java 11.0.15.1 on DESKTOP-8B46PPF with PID 3848 (D:\CDAC\Iacsd Dac 23\CDAC-Project\BookMyFlick\src\bookmyflick\target\classes started by Iconic in D:\CDAC\Iacsd Dac 23\CDAC-Project\BookMyFlick\src\bookmyflick)
2024-02-25 22:40:20.060  INFO 3848 --- [restartedMain] com.app.Application                      : No active profile set, falling back to 1 default profile: "default"
2024-02-25 22:40:20.231  INFO 3848 --- [restartedMain] .s.d.r.c.RepositoryConfigurationDelegate : Bootstrapping Spring Data JPA repositories in DEFAULT mode.
2024-02-25 22:40:20.248  INFO 3848 --- [restartedMain] .s.d.r.c.RepositoryConfigurationDelegate : Finished Spring Data repository scanning in 16 ms. Found 6 JPA repository interfaces.
2024-02-25 22:40:20.322  INFO 3848 --- [restartedMain] o.s.b.w.embedded.tomcat.TomcatWebServer  : Tomcat initialized with port(s): 8080 (http)
2024-02-25 22:40:20.322  INFO 3848 --- [restartedMain] o.a.catalina.core.AprLifecycleListener   : An older version [1.2.35] of the Apache Tomcat Native library is installed, while Tomcat recommends a minimum version of [1.2.38]
2024-02-25 22:40:20.322  INFO 3848 --- [restartedMain] o.a.catalina.core.AprLifecycleListener   : Loaded Apache Tomcat Native library [1.2.35] using APR version [1.7.0].
2024-02-25 22:40:20.322  INFO 3848 --- [restartedMain] o.a.catalina.core.AprLifecycleListener   : APR capabilities: IPv6 [true], sendfile [true], accept filters [false], random [true], UDS [true].
2024-02-25 22:40:20.322  INFO 3848 --- [restartedMain] o.a.catalina.core.AprLifecycleListener   : APR/OpenSSL configuration: useAprConnector [false], useOpenSSL [true]
2024-02-25 22:40:20.322  INFO 3848 --- [restartedMain] o.a.catalina.core.AprLifecycleListener   : OpenSSL successfully initialized [OpenSSL 1.1.1q  5 Jul 2022]
2024-02-25 22:40:20.323  INFO 3848 --- [restartedMain] o.apache.catalina.core.StandardService   : Starting service [Tomcat]
2024-02-25 22:40:20.323  INFO 3848 --- [restartedMain] org.apache.catalina.core.StandardEngine  : Starting Servlet engine: [Apache Tomcat/9.0.83]
2024-02-25 22:40:20.341  INFO 3848 --- [restartedMain] o.a.c.c.C.[Tomcat].[localhost].[/]       : Initializing Spring embedded WebApplicationContext
2024-02-25 22:40:20.341  INFO 3848 --- [restartedMain] w.s.c.ServletWebServerApplicationContext : Root WebApplicationContext: initialization completed in 280 ms
2024-02-25 22:40:20.368  INFO 3848 --- [restartedMain] o.hibernate.jpa.internal.util.LogHelper  : HHH000204: Processing PersistenceUnitInfo [name: default]
2024-02-25 22:40:20.372  INFO 3848 --- [restartedMain] com.zaxxer.hikari.HikariDataSource       : HikariPool-2 - Starting...
2024-02-25 22:40:20.386  INFO 3848 --- [restartedMain] com.zaxxer.hikari.HikariDataSource       : HikariPool-2 - Start completed.
2024-02-25 22:40:20.386  INFO 3848 --- [restartedMain] org.hibernate.dialect.Dialect            : HHH000400: Using dialect: org.hibernate.dialect.MySQL8Dialect
2024-02-25 22:40:20.856  INFO 3848 --- [restartedMain] o.h.e.t.j.p.i.JtaPlatformInitiator       : HHH000490: Using JtaPlatform implementation: [org.hibernate.engine.transaction.jta.platform.internal.NoJtaPlatform]
2024-02-25 22:40:20.857  INFO 3848 --- [restartedMain] j.LocalContainerEntityManagerFactoryBean : Initialized JPA EntityManagerFactory for persistence unit 'default'
2024-02-25 22:40:21.274  INFO 3848 --- [restartedMain] o.s.b.d.a.OptionalLiveReloadServer       : LiveReload server is running on port 35729
2024-02-25 22:40:21.287  INFO 3848 --- [restartedMain] o.s.b.w.embedded.tomcat.TomcatWebServer  : Tomcat started on port(s): 8080 (http) with context path ''
2024-02-25 22:40:21.291  INFO 3848 --- [restartedMain] com.app.Application                      : Started Application in 1.262 seconds (JVM running for 105.344)
2024-02-25 22:40:21.293  INFO 3848 --- [restartedMain] .ConditionEvaluationDeltaLoggingListener : Condition evaluation unchanged
2024-02-25 22:43:24.370  INFO 3848 --- [RMI TCP Connection(2)-127.0.0.1] inMXBeanRegistrar$SpringApplicationAdmin : Application shutdown requested.
2024-02-25 22:43:24.648  INFO 3848 --- [RMI TCP Connection(2)-127.0.0.1] o.apache.catalina.core.StandardService   : Stopping service [Tomcat]
2024-02-25 22:43:24.658  INFO 3848 --- [RMI TCP Connection(2)-127.0.0.1] j.LocalContainerEntityManagerFactoryBean : Closing JPA EntityManagerFactory for persistence unit 'default'
2024-02-25 22:43:24.659  INFO 3848 --- [RMI TCP Connection(2)-127.0.0.1] com.zaxxer.hikari.HikariDataSource       : HikariPool-2 - Shutdown initiated...
2024-02-25 22:43:24.662  INFO 3848 --- [RMI TCP Connection(2)-127.0.0.1] com.zaxxer.hikari.HikariDataSource       : HikariPool-2 - Shutdown completed.
2024-02-25 22:57:56.665  INFO 13704 --- [restartedMain] com.app.Application                      : Starting Application using Java 11.0.15.1 on DESKTOP-8B46PPF with PID 13704 (D:\CDAC\IACSD\Web Based Java\Lab\BookMyMovie\bookmymovie\target\classes started by Iconic in D:\CDAC\IACSD\Web Based Java\Lab\BookMyMovie\bookmymovie)
2024-02-25 22:57:56.744  INFO 13704 --- [restartedMain] com.app.Application                      : No active profile set, falling back to 1 default profile: "default"
2024-02-25 22:57:56.787  INFO 13704 --- [restartedMain] .e.DevToolsPropertyDefaultsPostProcessor : Devtools property defaults active! Set 'spring.devtools.add-properties' to 'false' to disable
2024-02-25 22:57:56.787  INFO 13704 --- [restartedMain] .e.DevToolsPropertyDefaultsPostProcessor : For additional web related logging consider setting the 'logging.level.web' property to 'DEBUG'
2024-02-25 22:57:57.422  INFO 13704 --- [restartedMain] .s.d.r.c.RepositoryConfigurationDelegate : Bootstrapping Spring Data JPA repositories in DEFAULT mode.
2024-02-25 22:57:57.479  INFO 13704 --- [restartedMain] .s.d.r.c.RepositoryConfigurationDelegate : Finished Spring Data repository scanning in 50 ms. Found 6 JPA repository interfaces.
2024-02-25 22:57:58.088  INFO 13704 --- [restartedMain] o.s.b.w.embedded.tomcat.TomcatWebServer  : Tomcat initialized with port(s): 8080 (http)
2024-02-25 22:57:58.090  INFO 13704 --- [restartedMain] o.a.catalina.core.AprLifecycleListener   : An older version [1.2.35] of the Apache Tomcat Native library is installed, while Tomcat recommends a minimum version of [1.2.38]
2024-02-25 22:57:58.091  INFO 13704 --- [restartedMain] o.a.catalina.core.AprLifecycleListener   : Loaded Apache Tomcat Native library [1.2.35] using APR version [1.7.0].
2024-02-25 22:57:58.091  INFO 13704 --- [restartedMain] o.a.catalina.core.AprLifecycleListener   : APR capabilities: IPv6 [true], sendfile [true], accept filters [false], random [true], UDS [true].
2024-02-25 22:57:58.091  INFO 13704 --- [restartedMain] o.a.catalina.core.AprLifecycleListener   : APR/OpenSSL configuration: useAprConnector [false], useOpenSSL [true]
2024-02-25 22:57:58.108  INFO 13704 --- [restartedMain] o.a.catalina.core.AprLifecycleListener   : OpenSSL successfully initialized [OpenSSL 1.1.1q  5 Jul 2022]
2024-02-25 22:57:58.120  INFO 13704 --- [restartedMain] o.apache.catalina.core.StandardService   : Starting service [Tomcat]
2024-02-25 22:57:58.122  INFO 13704 --- [restartedMain] org.apache.catalina.core.StandardEngine  : Starting Servlet engine: [Apache Tomcat/9.0.83]
2024-02-25 22:57:58.263  INFO 13704 --- [restartedMain] o.a.c.c.C.[Tomcat].[localhost].[/]       : Initializing Spring embedded WebApplicationContext
2024-02-25 22:57:58.263  INFO 13704 --- [restartedMain] w.s.c.ServletWebServerApplicationContext : Root WebApplicationContext: initialization completed in 1475 ms
2024-02-25 22:57:58.391  INFO 13704 --- [restartedMain] o.hibernate.jpa.internal.util.LogHelper  : HHH000204: Processing PersistenceUnitInfo [name: default]
2024-02-25 22:57:58.433  INFO 13704 --- [restartedMain] org.hibernate.Version                    : HHH000412: Hibernate ORM core version 5.6.15.Final
2024-02-25 22:57:58.567  INFO 13704 --- [restartedMain] o.hibernate.annotations.common.Version   : HCANN000001: Hibernate Commons Annotations {5.1.2.Final}
2024-02-25 22:57:58.664  INFO 13704 --- [restartedMain] com.zaxxer.hikari.HikariDataSource       : HikariPool-1 - Starting...
2024-02-25 22:57:58.829  INFO 13704 --- [restartedMain] com.zaxxer.hikari.HikariDataSource       : HikariPool-1 - Start completed.
2024-02-25 22:57:58.844  INFO 13704 --- [restartedMain] org.hibernate.dialect.Dialect            : HHH000400: Using dialect: org.hibernate.dialect.MySQL8Dialect
2024-02-25 22:57:59.573  INFO 13704 --- [restartedMain] o.h.e.t.j.p.i.JtaPlatformInitiator       : HHH000490: Using JtaPlatform implementation: [org.hibernate.engine.transaction.jta.platform.internal.NoJtaPlatform]
2024-02-25 22:57:59.582  INFO 13704 --- [restartedMain] j.LocalContainerEntityManagerFactoryBean : Initialized JPA EntityManagerFactory for persistence unit 'default'
2024-02-25 22:58:00.760  INFO 13704 --- [restartedMain] o.s.b.d.a.OptionalLiveReloadServer       : LiveReload server is running on port 35729
2024-02-25 22:58:00.806  INFO 13704 --- [restartedMain] o.s.b.w.embedded.tomcat.TomcatWebServer  : Tomcat started on port(s): 8080 (http) with context path ''
2024-02-25 22:58:00.817  INFO 13704 --- [restartedMain] com.app.Application                      : Started Application in 4.568 seconds (JVM running for 5.593)
2024-02-25 22:58:49.473  INFO 13704 --- [http-nio-8080-exec-1] o.a.c.c.C.[Tomcat].[localhost].[/]       : Initializing Spring DispatcherServlet 'dispatcherServlet'
2024-02-25 22:58:49.474  INFO 13704 --- [http-nio-8080-exec-1] o.s.web.servlet.DispatcherServlet        : Initializing Servlet 'dispatcherServlet'
2024-02-25 22:58:49.476  INFO 13704 --- [http-nio-8080-exec-1] o.s.web.servlet.DispatcherServlet        : Completed initialization in 2 ms
2024-02-25 22:58:50.574  INFO 13704 --- [http-nio-8080-exec-7] o.springdoc.api.AbstractOpenApiResource  : Init duration for springdoc-openapi is: 698 ms
2024-02-25 23:03:31.705  INFO 13704 --- [RMI TCP Connection(2)-127.0.0.1] inMXBeanRegistrar$SpringApplicationAdmin : Application shutdown requested.
2024-02-25 23:03:32.004  INFO 13704 --- [RMI TCP Connection(2)-127.0.0.1] o.apache.catalina.core.StandardService   : Stopping service [Tomcat]
2024-02-25 23:03:32.017  INFO 13704 --- [RMI TCP Connection(2)-127.0.0.1] o.a.c.c.C.[Tomcat].[localhost].[/]       : Destroying Spring FrameworkServlet 'dispatcherServlet'
2024-02-25 23:03:32.030  INFO 13704 --- [RMI TCP Connection(2)-127.0.0.1] j.LocalContainerEntityManagerFactoryBean : Closing JPA EntityManagerFactory for persistence unit 'default'
2024-02-25 23:03:32.034  INFO 13704 --- [RMI TCP Connection(2)-127.0.0.1] com.zaxxer.hikari.HikariDataSource       : HikariPool-1 - Shutdown initiated...
2024-02-25 23:03:32.046  INFO 13704 --- [RMI TCP Connection(2)-127.0.0.1] com.zaxxer.hikari.HikariDataSource       : HikariPool-1 - Shutdown completed.
2024-02-25 23:33:49.529  INFO 4036 --- [restartedMain] com.app.Application                      : Starting Application using Java 11.0.15.1 on DESKTOP-8B46PPF with PID 4036 (D:\CDAC\IACSD\Web Based Java\Lab\BookMyMovie\bookmymovie\target\classes started by Iconic in D:\CDAC\IACSD\Web Based Java\Lab\BookMyMovie\bookmymovie)
2024-02-25 23:33:49.645  INFO 4036 --- [restartedMain] com.app.Application                      : No active profile set, falling back to 1 default profile: "default"
2024-02-25 23:33:49.684  INFO 4036 --- [restartedMain] .e.DevToolsPropertyDefaultsPostProcessor : Devtools property defaults active! Set 'spring.devtools.add-properties' to 'false' to disable
2024-02-25 23:33:49.684  INFO 4036 --- [restartedMain] .e.DevToolsPropertyDefaultsPostProcessor : For additional web related logging consider setting the 'logging.level.web' property to 'DEBUG'
2024-02-25 23:33:50.446  INFO 4036 --- [restartedMain] .s.d.r.c.RepositoryConfigurationDelegate : Bootstrapping Spring Data JPA repositories in DEFAULT mode.
2024-02-25 23:33:50.500  INFO 4036 --- [restartedMain] .s.d.r.c.RepositoryConfigurationDelegate : Finished Spring Data repository scanning in 47 ms. Found 6 JPA repository interfaces.
2024-02-25 23:33:50.971  INFO 4036 --- [restartedMain] o.s.b.w.embedded.tomcat.TomcatWebServer  : Tomcat initialized with port(s): 8080 (http)
2024-02-25 23:33:50.972  INFO 4036 --- [restartedMain] o.a.catalina.core.AprLifecycleListener   : An older version [1.2.35] of the Apache Tomcat Native library is installed, while Tomcat recommends a minimum version of [1.2.38]
2024-02-25 23:33:50.973  INFO 4036 --- [restartedMain] o.a.catalina.core.AprLifecycleListener   : Loaded Apache Tomcat Native library [1.2.35] using APR version [1.7.0].
2024-02-25 23:33:50.973  INFO 4036 --- [restartedMain] o.a.catalina.core.AprLifecycleListener   : APR capabilities: IPv6 [true], sendfile [true], accept filters [false], random [true], UDS [true].
2024-02-25 23:33:50.973  INFO 4036 --- [restartedMain] o.a.catalina.core.AprLifecycleListener   : APR/OpenSSL configuration: useAprConnector [false], useOpenSSL [true]
2024-02-25 23:33:50.975  INFO 4036 --- [restartedMain] o.a.catalina.core.AprLifecycleListener   : OpenSSL successfully initialized [OpenSSL 1.1.1q  5 Jul 2022]
2024-02-25 23:33:50.983  INFO 4036 --- [restartedMain] o.apache.catalina.core.StandardService   : Starting service [Tomcat]
2024-02-25 23:33:50.983  INFO 4036 --- [restartedMain] org.apache.catalina.core.StandardEngine  : Starting Servlet engine: [Apache Tomcat/9.0.83]
2024-02-25 23:33:51.078  INFO 4036 --- [restartedMain] o.a.c.c.C.[Tomcat].[localhost].[/]       : Initializing Spring embedded WebApplicationContext
2024-02-25 23:33:51.078  INFO 4036 --- [restartedMain] w.s.c.ServletWebServerApplicationContext : Root WebApplicationContext: initialization completed in 1394 ms
2024-02-25 23:33:51.197  INFO 4036 --- [restartedMain] o.hibernate.jpa.internal.util.LogHelper  : HHH000204: Processing PersistenceUnitInfo [name: default]
2024-02-25 23:33:51.238  INFO 4036 --- [restartedMain] org.hibernate.Version                    : HHH000412: Hibernate ORM core version 5.6.15.Final
2024-02-25 23:33:51.398  INFO 4036 --- [restartedMain] o.hibernate.annotations.common.Version   : HCANN000001: Hibernate Commons Annotations {5.1.2.Final}
2024-02-25 23:33:51.497  INFO 4036 --- [restartedMain] com.zaxxer.hikari.HikariDataSource       : HikariPool-1 - Starting...
2024-02-25 23:33:51.683  INFO 4036 --- [restartedMain] com.zaxxer.hikari.HikariDataSource       : HikariPool-1 - Start completed.
2024-02-25 23:33:51.700  INFO 4036 --- [restartedMain] org.hibernate.dialect.Dialect            : HHH000400: Using dialect: org.hibernate.dialect.MySQL8Dialect
2024-02-25 23:33:52.493  INFO 4036 --- [restartedMain] o.h.e.t.j.p.i.JtaPlatformInitiator       : HHH000490: Using JtaPlatform implementation: [org.hibernate.engine.transaction.jta.platform.internal.NoJtaPlatform]
2024-02-25 23:33:52.503  INFO 4036 --- [restartedMain] j.LocalContainerEntityManagerFactoryBean : Initialized JPA EntityManagerFactory for persistence unit 'default'
2024-02-25 23:33:53.707  INFO 4036 --- [restartedMain] o.s.b.d.a.OptionalLiveReloadServer       : LiveReload server is running on port 35729
2024-02-25 23:33:53.739  INFO 4036 --- [restartedMain] o.s.b.w.embedded.tomcat.TomcatWebServer  : Tomcat started on port(s): 8080 (http) with context path ''
2024-02-25 23:33:53.755  INFO 4036 --- [restartedMain] com.app.Application                      : Started Application in 4.774 seconds (JVM running for 5.759)
2024-02-25 23:34:49.067  INFO 4036 --- [http-nio-8080-exec-1] o.a.c.c.C.[Tomcat].[localhost].[/]       : Initializing Spring DispatcherServlet 'dispatcherServlet'
2024-02-25 23:34:49.068  INFO 4036 --- [http-nio-8080-exec-1] o.s.web.servlet.DispatcherServlet        : Initializing Servlet 'dispatcherServlet'
2024-02-25 23:34:49.069  INFO 4036 --- [http-nio-8080-exec-1] o.s.web.servlet.DispatcherServlet        : Completed initialization in 1 ms
